<?xml version="1.0" encoding="UTF-8"?>
<!-- Generated by org.testng.reporters.JUnitReportReporter -->
<testsuite skipped="0" hostname="apk-a304-20l" name="DDT.LinkedInWebsiteTesting" tests="1" failures="0" timestamp="29 Nov 2018 12:09:20 GMT" time="91.075" errors="0">
  <testcase name="fbLoginLogout" time="91.075" classname="DDT.LinkedInWebsiteTesting"/>
</testsuite> <!-- DDT.LinkedInWebsiteTesting -->
