<?xml version="1.0" encoding="UTF-8"?>
<!-- Generated by org.testng.reporters.JUnitReportReporter -->
<testsuite skipped="0" hostname="apk-a304-20l" name="LinkedIn.LinkedInAutomationTesting" tests="1" failures="0" timestamp="29 Nov 2018 12:45:49 GMT" time="90.098" errors="0">
  <testcase name="fbLoginLogout" time="90.098" classname="LinkedIn.LinkedInAutomationTesting"/>
</testsuite> <!-- LinkedIn.LinkedInAutomationTesting -->
